[buyerly.com/index/index.html]
[backblue.gif]
[fade.gif]
[index.html]
[buyerly.com/sites/default/files/favicon/index.png]
[buyerly.com/node/193/index.html]
[buyerly.com/content/home/index.html]
[buyerly.com/sites/default/files/css/css_xE-rWrJf-fncB6ztZfd2huxqgxu4WO-qwma6Xer30m4/index.css]
[buyerly.com/sites/default/files/css/css_vZ_wrMQ9Og-YPPxa1q4us3N7DsZMJa-14jShHgRoRNo/index.css]
[buyerly.com/sites/default/files/css/css_M8gtoiLjZZdrDahDgWkt3Mjdle5-1-ppTzPDL6H5MCg/index.css]
[buyerly.com/sites/all/themes/buyerly/images/throbber/index.gif]
[buyerly.com/sites/default/files/css/css_fABVAOSOrCJbkSYQ9loDKdZ5U4pHVwGtzR0VPaVg1G0/index.css]
[buyerly.com/sites/default/files/css/css_0M1GomZJJIi9AU9cGdZDBYQAPT-kx3K0h7lAC_cd7lc/index.css]
[buyerly.com/sites/default/files/css/css_Zp7ZYqEiuVtu_WFV-WyZNzIyZTyrGEM8-gls9Ag71zI/index.css]
[buyerly.com/sites/default/files/js/js_TGT5DoU4Q78zFiITjOfs1ymAzaOQo8EhrebiOho93ok/index.js]
[buyerly.com/sites/default/files/js/js_qk0KMAPVLPuGinHyBBza4ClgyqI1FKZHL-2S_1HDdXY/index.js]
[buyerly.com/sites/default/files/js/js_zzcIWOou_jnX0ZWAIA4sb6Xy_p5a8FZNA0GySvuWjPU/index.js]
[buyerly.com/sites/default/files/js/js_remA-YTh9NXTBuFJmLDiU6DsEV3ilvrFdiGuZjwulLU/index.js]
[buyerly.com/sites/default/files/js/js_7qeIP5x1pp65EYN9l3ZhemvVP_ivW4oh0RbOXRf7TX4/index.js]
[buyerly.com/sites/default/files/js/js_oWt4bXmC0xMlavmvgf_trBy6d5H8GtEA7_Vh_c6min4/index.js]
[buyerly.com/assets/ico/apple-touch-icon-144-precomposed.10/index.delayed]
[buyerly.com/assets/ico/apple-touch-icon-114-precomposed/index.png]
[buyerly.com/assets/ico/apple-touch-icon-72-precomposed/index.png]
[buyerly.com/assets/ico/apple-touch-icon-57-precomposed/index.png]
[buyerly.com/assets/ico/favicon/index.png]
[buyerly.com/sites/all/themes/buyerly/css/layerslider/index.css]
[buyerly.com/sites/all/themes/buyerly/js/jquery-easing-1.3/index.js]
[buyerly.com/sites/all/themes/buyerly/js/jquerytransit/index.js]
[buyerly.com/sites/all/themes/buyerly/js/layerslider.custom.transitions/index.js]
[buyerly.com/sites/all/themes/buyerly/js/layerslider.transitions/index.js]
[buyerly.com/signup/index.html]
[buyerly.com/sites/all/themes/buyerly/img/sign-up-arrow-l/index.png]
[buyerly.com/sites/all/themes/buyerly/img/sign-up-arrow-r/index.png]
[buyerly.com/sites/all/themes/buyerly/js/layerslider.kreaturamedia.jquery/index.js]
[buyerly.com/how-buyerly-works/index.html]
[buyerly.com/sites/all/themes/buyerly/js/jquery/index.js]
[buyerly.com/pricing/index.html]
[buyerly.com/user/login/index.html]
[buyerly.com/sites/all/themes/buyerly/logo/index.png]
[buyerly.com/sites/all/themes/buyerly/img/320-slider/index.jpg]
[buyerly.com/sites/all/themes/buyerly/images/slider-img1/index.png]
[buyerly.com/sites/all/themes/buyerly/images/img11/index.png]
[buyerly.com/sites/all/themes/buyerly/images/text-img2/index.png]
[buyerly.com/sites/all/themes/buyerly/images/text-img1/index.png]
[buyerly.com/sites/all/themes/buyerly/images/text-img3/index.png]
[buyerly.com/sites/all/themes/buyerly/images/slider-img2/index.png]
[buyerly.com/sites/all/themes/buyerly/images/img2/index.png]
[buyerly.com/sites/all/themes/buyerly/images/text2-1/index.png]
[buyerly.com/sites/all/themes/buyerly/images/text2-3/index.png]
[buyerly.com/sites/all/themes/buyerly/images/text2-2/index.png]
[buyerly.com/sites/all/themes/buyerly/images/text2-4/index.png]
[buyerly.com/sites/all/themes/buyerly/images/text2/index.png]
[buyerly.com/sites/all/themes/buyerly/images/slider-img3/index.png]
[buyerly.com/sites/all/themes/buyerly/images/img3/index.png]
[buyerly.com/sites/all/themes/buyerly/images/text3-1/index.png]
[buyerly.com/sites/all/themes/buyerly/images/text3-2/index.png]
[buyerly.com/sites/all/themes/buyerly/images/text3/index.png]
[buyerly.com/sites/all/themes/buyerly/images/slider-img4/index.png]
[buyerly.com/sites/all/themes/buyerly/images/img4/index.png]
[buyerly.com/sites/all/themes/buyerly/images/text4-1/index.png]
[buyerly.com/sites/all/themes/buyerly/images/text4-2/index.png]
[buyerly.com/sites/all/themes/buyerly/images/text4/index.png]
[buyerly.com/sites/all/themes/buyerly/images/slider-img5/index.png]
[buyerly.com/sites/all/themes/buyerly/images/img5/index.png]
[buyerly.com/sites/all/themes/buyerly/images/text5-1/index.png]
[buyerly.com/sites/all/themes/buyerly/images/text5/index.png]
[buyerly.com/sites/all/themes/buyerly/img/box-arrow/index.png]
[buyerly.com/sites/all/themes/buyerly/img/learn-more/index.png]
[buyerly.com/sites/all/themes/buyerly/img/select-a-plan/index.png]
[buyerly.com/sites/all/themes/buyerly/img/box-arrow-r/index.png]
[buyerly.com/sites/all/themes/buyerly/img/case_study_sample/index.pdf]
[buyerly.com/sites/all/themes/buyerly/img/case_study_thumb/index.png]
[buyerly.com/sites/all/themes/buyerly/img/Sample Product Feedback Report/index.pdf]
[buyerly.com/sites/all/themes/buyerly/img/report_thumb/index.png]
[buyerly.com/sites/all/themes/buyerly/img/generic-avatar-female/index.png]
[buyerly.com/sites/default/files/styles/testimonial_thumbnail/public/tech_cocktail/index.png]
[buyerly.com/sites/default/files/styles/testimonial_thumbnail/public/entrepreneur/index.jpg]
[buyerly.com/sites/default/files/styles/testimonial_thumbnail/public/tumblr_static_msnbc-tumblr/index.jpg]
[buyerly.com/sites/default/files/styles/testimonial_thumbnail/public/abes-market-logo11/index.jpg]
[buyerly.com/sites/default/files/styles/testimonial_thumbnail/public/Barneys New York Black/index.jpg]
[buyerly.com/sites/default/files/styles/testimonial_thumbnail/public/macys/index.jpg]
[buyerly.com/sites/default/files/styles/testimonial_thumbnail/public/saks-fifth-avenue/index.jpg]
[buyerly.com/sites/default/files/styles/testimonial_thumbnail/public/target/index.jpg]
[buyerly.com/sites/default/files/styles/testimonial_thumbnail/public/urban-outfitters-logo/index.jpg]
[buyerly.com/sites/default/files/styles/testimonial_thumbnail/public/Amazon-Logo/index.jpg]
[buyerly.com/sites/default/files/styles/testimonial_thumbnail/public/destination-maternity-logo/index.jpg]
[buyerly.com/sites/default/files/styles/testimonial_thumbnail/public/Fingerhut/index.jpg]
[buyerly.com/contact/index.html]
[buyerly.com/about-us/index.html]
[buyerly.com/terms-conditions/index.html]
[buyerly.com/faq/index.html]
[buyerly.com/privacy-policy/index.html]
[buyerly.com/sites/all/themes/buyerly/assets/js/bootstrap-transition/index.js]
[buyerly.com/sites/all/themes/buyerly/assets/js/jquery/index.js]
[buyerly.com/sites/all/themes/buyerly/assets/js/bootstrap-alert/index.js]
[buyerly.com/sites/all/themes/buyerly/assets/js/bootstrap-modal/index.js]
[buyerly.com/sites/all/themes/buyerly/assets/js/bootstrap-dropdown/index.js]
[buyerly.com/sites/all/themes/buyerly/assets/js/bootstrap-scrollspy/index.js]
[buyerly.com/sites/all/themes/buyerly/assets/js/bootstrap-tab/index.js]
[buyerly.com/sites/all/themes/buyerly/assets/js/bootstrap-popover/index.js]
[buyerly.com/sites/all/themes/buyerly/assets/js/bootstrap-tooltip/index.js]
[buyerly.com/sites/all/themes/buyerly/assets/js/bootstrap-button/index.js]
[buyerly.com/sites/all/themes/buyerly/assets/js/bootstrap-collapse/index.js]
[buyerly.com/sites/all/themes/buyerly/assets/js/bootstrap-carousel/index.js]
[buyerly.com/sites/all/themes/buyerly/assets/js/bootstrap-typeahead/index.js]
[buyerly.com/sites/all/themes/buyerly/assets/js/bootstrap-affix/index.js]
[buyerly.com/sites/all/themes/buyerly/assets/js/holder/holder/index.js]
[buyerly.com/sites/all/themes/buyerly/assets/js/application/index.js]
[buyerly.com/sites/all/themes/buyerly/assets/js/google-code-prettify/prettify/index.js]
[buyerly.com/index/index.html]
[buyerly.com/sites/all/themes/buyerly/assets/js/jquery.nivo.slider/index.js]
[buyerly.com/node/assets/ico/apple-touch-icon-144-precomposed/index.png]
[buyerly.com/node/assets/ico/apple-touch-icon-114-precomposed/index.png]
[buyerly.com/node/assets/ico/apple-touch-icon-72-precomposed/index.png]
[buyerly.com/node/assets/ico/apple-touch-icon-57-precomposed/index.png]
[buyerly.com/sites/all/themes/buyerly/assets/js/jquery-1.7.1.min/index.js]
[buyerly.com/node/assets/ico/favicon/index.png]
[buyerly.com/node/193/index.html]
[buyerly.com/content/assets/ico/apple-touch-icon-144-precomposed/index.png]
[buyerly.com/content/assets/ico/apple-touch-icon-114-precomposed/index.png]
[buyerly.com/content/assets/ico/apple-touch-icon-72-precomposed/index.png]
[buyerly.com/content/assets/ico/apple-touch-icon-57-precomposed/index.png]
[buyerly.com/content/assets/ico/favicon/index.png]
[buyerly.com/content/home/index.html]
[buyerly.com/misc/throbber-inactive/index.png]
[buyerly.com/misc/throbber-active/index.gif]
[buyerly.com/misc/grippie/index.png]
[buyerly.com/misc/draggable/index.png]
[buyerly.com/misc/tree/index.png]
[buyerly.com/misc/tree-bottom/index.png]
[buyerly.com/misc/menu-expanded/index.png]
[buyerly.com/misc/menu-collapsed/index.png]
[buyerly.com/misc/menu-leaf/index.png]
[buyerly.com/misc/message-24-ok/index.png]
[buyerly.com/misc/message-24-warning/index.png]
[buyerly.com/misc/message-24-error/index.png]
[buyerly.com/misc/help/index.png]
[buyerly.com/sites/default/files/css/css_xE-rWrJf-fncB6ztZfd2huxqgxu4WO-qwma6Xer30m4/index.css]
[buyerly.com/misc/progress/index.gif]
[buyerly.com/sites/default/files/css/css_vZ_wrMQ9Og-YPPxa1q4us3N7DsZMJa-14jShHgRoRNo/index.css]
[buyerly.com/sites/default/files/css/css_M8gtoiLjZZdrDahDgWkt3Mjdle5-1-ppTzPDL6H5MCg/index.css]
[buyerly.com/sites/all/modules/colorbox/styles/default/images/controls/index.png]
[buyerly.com/sites/all/modules/colorbox/styles/default/images/loading_animation/index.gif]
[buyerly.com/sites/all/modules/ctools/images/status-active/index.gif]
[buyerly.com/sites/all/modules/panels/plugins/styles/corners/shadow-t/index.png]
[buyerly.com/sites/all/modules/panels/plugins/styles/corners/shadow-b/index.png]
[buyerly.com/sites/all/modules/panels/plugins/styles/corners/shadow-l/index.png]
[buyerly.com/sites/all/modules/panels/plugins/styles/corners/shadow-r/index.png]
[buyerly.com/sites/default/files/css/css_fABVAOSOrCJbkSYQ9loDKdZ5U4pHVwGtzR0VPaVg1G0/index.css]
[buyerly.com/sites/all/modules/panels/plugins/styles/corners/corner-bits/index.png]
[buyerly.com/sites/default/files/css/css_0M1GomZJJIi9AU9cGdZDBYQAPT-kx3K0h7lAC_cd7lc/index.css]
[buyerly.com/sites/all/themes/buyerly/assets/img/glyphicons-halflings/index.png]
[buyerly.com/sites/all/themes/buyerly/assets/img/glyphicons-halflings-white/index.png]
[buyerly.com/sites/all/themes/buyerly/img/login-bg-btn/index.png]
[buyerly.com/sites/all/themes/buyerly/img/mid-bg/index.jpg]
[buyerly.com/sites/all/themes/buyerly/assets/img/bs-docs-masthead-pattern/index.png]
[buyerly.com/sites/all/themes/buyerly/img/footer-bg/index.jpg]
[buyerly.com/sites/all/themes/buyerly/img/separator-footer/index.png]
[buyerly.com/sites/all/themes/buyerly/img/copyright-bg/index.png]
[buyerly.com/sites/all/themes/buyerly/img/top-bg2/index.png]
[buyerly.com/sites/all/themes/buyerly/img/topbg2/index.png]
[buyerly.com/sites/all/themes/buyerly/img/separator/index.png]
[buyerly.com/sites/all/themes/buyerly/img/top-arrow/index.png]
[buyerly.com/sites/all/themes/buyerly/img/box-bg/index.png]
[buyerly.com/sites/all/themes/buyerly/img/buyer-top-bg/index.png]
[buyerly.com/sites/all/themes/buyerly/img/singup-bg/index.png]
[buyerly.com/sites/all/themes/buyerly/img/mid-bg-inner/index.png]
[buyerly.com/sites/all/themes/buyerly/img/inner-top-corner/index.png]
[buyerly.com/sites/all/themes/buyerly/img/title-unredline/index.png]
[buyerly.com/sites/all/themes/buyerly/img/meet-teem-line/index.png]
[buyerly.com/sites/all/themes/buyerly/img/inner-bottom-corner/index.png]
[buyerly.com/sites/all/themes/buyerly/img/tab-bg/index.png]
[buyerly.com/sites/all/themes/buyerly/img/product-box-bg/index.png]
[buyerly.com/sites/all/themes/buyerly/img/product-box-top-bg/index.png]
[buyerly.com/sites/all/themes/buyerly/img/feature-bg/index.png]
[buyerly.com/sites/all/themes/buyerly/img/faq-link-arrow/index.png]
[buyerly.com/sites/all/themes/buyerly/img/buyerlysignup-bg/index.png]
[buyerly.com/sites/all/themes/buyerly/img/box-bg-login/index.png]
[buyerly.com/sites/all/themes/buyerly/img/username-bg-btn/index.png]
[buyerly.com/sites/all/themes/buyerly/img/login-btn/index.png]
[buyerly.com/sites/all/themes/buyerly/img/user-login-bg/index.png]
[buyerly.com/sites/all/themes/buyerly/img/login-bg-btn2/index.png]
[buyerly.com/sites/all/themes/buyerly/img/loading/index.gif]
[buyerly.com/sites/all/themes/buyerly/img/bullets/index.png]
[buyerly.com/sites/all/themes/buyerly/img/arrows/index.png]
[buyerly.com/sites/all/themes/buyerly/fonts/proximanova-regular-webfont/index.eot]
[buyerly.com/sites/all/themes/buyerly/fonts/proximanova-regular-webfont/index.woff]
[buyerly.com/sites/all/themes/buyerly/fonts/proximanova-regular-webfont/index.ttf]
[buyerly.com/sites/all/themes/buyerly/fonts/proximanova-bold-webfont/index.eot]
[buyerly.com/sites/all/themes/buyerly/fonts/proximanova-regular-webfont/index-2.eot]
[buyerly.com/sites/all/themes/buyerly/fonts/proximanova-bold-webfont/index.woff]
[buyerly.com/sites/all/themes/buyerly/fonts/proximanova-bold-webfont/index.ttf]
[buyerly.com/sites/all/themes/buyerly/fonts/proximanovacond-semibold-webfont/index.eot]
[buyerly.com/sites/all/themes/buyerly/fonts/proximanovacond-semibold-webfont/index.woff]
[buyerly.com/sites/all/themes/buyerly/fonts/proximanovacond-semibold-webfont/index.ttf]
[buyerly.com/sites/all/themes/buyerly/fonts/proximanova-bold-webfont/index-2.eot]
[buyerly.com/sites/all/themes/buyerly/fonts/carton_six-webfont/index.eot]
[buyerly.com/sites/all/themes/buyerly/fonts/carton_six-webfont/index-2.eot]
[buyerly.com/sites/all/themes/buyerly/fonts/carton_six-webfont/index.woff]
[buyerly.com/sites/all/themes/buyerly/fonts/carton_six-webfont/index.ttf]
[buyerly.com/sites/all/themes/buyerly/fonts/helveticaneue-boldcond_0-webfont/index.eot]
[buyerly.com/sites/all/themes/buyerly/fonts/helveticaneue-boldcond_0-webfont/index.woff]
[buyerly.com/sites/all/themes/buyerly/fonts/proximanovacond-semibold-webfont/index-2.eot]
[buyerly.com/sites/all/themes/buyerly/fonts/helveticaneue-boldcond_0-webfont/index.ttf]
[buyerly.com/sites/all/themes/buyerly/fonts/helveticaneue-boldcond_0-webfont/index-2.eot]
[buyerly.com/sites/all/themes/buyerly/fonts/15534_freehand575bt-webfont/index.eot]
[buyerly.com/sites/all/themes/buyerly/fonts/15534_freehand575bt-webfont/index-2.eot]
[buyerly.com/sites/all/themes/buyerly/fonts/15534_freehand575bt-webfont/index.woff]
[buyerly.com/sites/all/themes/buyerly/fonts/15534_freehand575bt-webfont/index.ttf]
[buyerly.com/dave_liu/buyerlydev/sites/all/themes/buyerly/img/search-img/index.png]
[buyerly.com/sites/default/files/css/css_Zp7ZYqEiuVtu_WFV-WyZNzIyZTyrGEM8-gls9Ag71zI/index.css]
[buyerly.com/assets/ico/apple-touch-icon-144-precomposed/index.html]
[buyerly.com/assets/ico/apple-touch-icon-114-precomposed/index.html]
[buyerly.com/assets/ico/apple-touch-icon-72-precomposed/index.html]
[buyerly.com/assets/ico/apple-touch-icon-57-precomposed/index.html]
[buyerly.com/assets/ico/favicon/index.html]
[buyerly.com/sites/all/themes/buyerly/images/contactBtn/index.png]
[buyerly.com/sites/all/themes/buyerly/images/slider-bg/index.png]
[buyerly.com/sites/all/themes/buyerly/css/layerslider/index.css]
[buyerly.com/node/270/index.html]
[buyerly.com/sites/default/files/css/css_uBBmJnyUZNdWfeNrqX1E0tA_Aq1-EMHAlwPa_S2Ihyo/index.css]
[buyerly.com/sites/all/themes/buyerly/img/pencil/index.png]
[buyerly.com/sites/default/files/js/js_YKYfrvLPWMQDygGtfgPNLG_IkZqf_jxUI55wtttlu0E/index.js]
[buyerly.com/user/register/index.html]
[buyerly.com/sites/all/themes/buyerly/img/fb-icon2/index.png]
[buyerly.com/sites/all/themes/buyerly/img/seller-img/index.png]
[buyerly.com/signup/index.html]
[buyerly.com/sites/all/themes/buyerly/img/buyer-img2/index.png]
[buyerly.com/node/274/index.html]
[buyerly.com/sites/all/themes/buyerly/img/info-icon/index.png]
[buyerly.com/sites/all/themes/buyerly/img/PF-1-select-product/index.jpg]
[buyerly.com/sites/all/themes/buyerly/img/PF-2-tell-us/index.jpg]
[buyerly.com/sites/all/themes/buyerly/img/PF-3-select-Buyers/index.jpg]
[buyerly.com/sites/all/themes/buyerly/img/PF-4-select-questions/index.jpg]
[buyerly.com/sites/all/themes/buyerly/img/PF-5-buyers-identified/index.jpg]
[buyerly.com/sites/all/themes/buyerly/img/PF-6-buyers-answer/index.jpg]
[buyerly.com/sites/all/themes/buyerly/img/PF-7-feedback-sythesized/index.jpg]
[buyerly.com/sites/all/themes/buyerly/img/PF-8-preview-performance/index.jpg]
[buyerly.com/how-buyerly-works/index.html]
[buyerly.com/sites/all/themes/buyerly/img/PF-9-execute-improved/index.jpg]
[buyerly.com/node/275/index.html]
[buyerly.com/sites/all/themes/buyerly/img/pricing-icon/index.png]
[buyerly.com/sites/all/themes/buyerly/img/male-img/index.png]
[buyerly.com/sites/all/themes/buyerly/img/panelists-img/index.jpg]
[buyerly.com/pricing/index.html]
[buyerly.com/sites/default/files/js/js_yYmZ3CbzBcKdaLFku1Rv068aDvj9BZrvBxB1ND2Upk4/index.js]
[buyerly.com/sites/default/files/js/js_pWkadlVX8oUnVxl61sX39sNoUbAsuUXTSkyP5eUOtQc/index.js]
[buyerly.com/user/assets/ico/apple-touch-icon-144-precomposed/index.png]
[buyerly.com/user/assets/ico/apple-touch-icon-114-precomposed/index.png]
[buyerly.com/user/assets/ico/apple-touch-icon-72-precomposed/index.png]
[buyerly.com/user/assets/ico/apple-touch-icon-57-precomposed/index.png]
[buyerly.com/user/assets/ico/favicon/index.png]
[buyerly.com/sites/all/themes/buyerly/img/pass-icon/index.png]
[buyerly.com/user/password/index.html]
[buyerly.com/sites/all/themes/buyerly/img/seller-user-img/index.png]
[buyerly.com/user/login/index.html]
[buyerly.com/sites/all/themes/buyerly/img/buyer-user-img/index.png]
[buyerly.com/sites/default/files/js/js_MwOlvHu2F5QN7FBrdjnOh6wS6FUhSxCG2IXUcppPpJk/index.js]
[buyerly.com/sites/default/files/js/js_ns4z5z2sBABqKjf-Y9Mimg3z0nutUxx2CvbitmtudJE/index.js]
[buyerly.com/sites/default/files/js/js_mMuSdRh5NeaBYvACFdfxYZFykbM62b1Ir0OkbP8m74A/index.js]
[buyerly.com/contact/index.html]
[buyerly.com/sites/all/themes/buyerly/img/about-icon/index.png]
[buyerly.com/node/272/index.html]
[buyerly.com/sites/all/themes/buyerly/img/about-main-img/index.png]
[buyerly.com/sites/all/themes/buyerly/img/about-img/index.png]
[buyerly.com/sites/all/themes/buyerly/img/meet-icon/index.png]
[buyerly.com/sites/all/themes/buyerly/img/Vanessa Ting Casual/index.jpg]
[buyerly.com/sites/all/themes/buyerly/img/fb-icon/index.png]
[buyerly.com/sites/all/themes/buyerly/img/in-icon/index.png]
[buyerly.com/sites/all/themes/buyerly/img/tw-icon/index.png]
[buyerly.com/about-us/index.html]
[buyerly.com/sites/all/themes/buyerly/img/Dave Liu Casual/index.jpg]
[buyerly.com/node/271/index.html]
[buyerly.com/terms-conditions/index.html]
[buyerly.com/node/305/index.html]
[buyerly.com/sites/default/files/js/js_9Ae7ye1rx-6GgkiP75BzAGpnnubw33me0NTkHFOcihg/index.js]
[buyerly.com/sites/all/themes/buyerly/img/search-img/index.png]
[buyerly.com/content/buyerly-great-idea-how-do-i-sign-0/index.html]
[buyerly.com/content/how-does-buyerly-prevent-retailers-stealing-my-intellectual-property-when-i-submit-ideas/index.html]
[buyerly.com/content/what-if-i-have-more-questions/index.html]
[buyerly.com/content/how-does-crystal-clear-guarantee-product-feedback-work/index.html]
[buyerly.com/content/what-do-retail-buyers-do/index.html]
[buyerly.com/content/how-do-i-know-when-my-product-feedback-complete-and-ready-me/index.html]
[buyerly.com/content/how-do-i-know-if-retail-buyer-interested-my-product-and-trying-connect-me/index.html]
[buyerly.com/content/how-do-i-delete-my-account/index.html]
[buyerly.com/content/how-do-i-update-my-account-information/index.html]
[buyerly.com/content/how-can-i-view-my-account-activity-including-products-i-have-submitted/index.html]
[buyerly.com/content/what-are-some-scenarios-under-which-i-might-submit-products-product-feedback/index.html]
[buyerly.com/content/can-i-submit-my-product-evaluation-more-once/index.html]
[buyerly.com/content/other-buyers-i-select-will-anyone-else-see-information-about-my-product/index.html]
[buyerly.com/content/how-long-will-it-take-get-feedback/index.html]
[buyerly.com/content/how-do-i-select-buyers-my-panel/index.html]
[buyerly.com/content/other-retailers-will-anyone-else-see-information-about-my-product/index.html]
[buyerly.com/content/can-i-sell-products-directly-retailers-here/index.html]
[buyerly.com/content/how-can-i-improve-my-visibility-product-closet/index.html]
[buyerly.com/content/how-will-retailers-contact-me/index.html]
[buyerly.com/content/can-i-submit-more-one-product-closet/index.html]
[buyerly.com/content/what-it-retail-buyers/index.html]
[buyerly.com/content/how-do-i-search-products/index.html]
[buyerly.com/content/i-want-view-and-potentially-buy-product-closet-without-being-panelist-can-i-do/index.html]
[buyerly.com/content/what-are-fees-buyer-accounts/index.html]
[buyerly.com/faq/index.html]
[buyerly.com/content/do-you-work-independent-stores-and-boutiques/index.html]
[buyerly.com/privacy-policy/index.html]
[buyerly.com/node/assets/ico/apple-touch-icon-144-precomposed/index.html]
[buyerly.com/node/assets/ico/apple-touch-icon-114-precomposed/index.html]
[buyerly.com/node/assets/ico/apple-touch-icon-72-precomposed/index.html]
[buyerly.com/node/assets/ico/apple-touch-icon-57-precomposed/index.html]
[buyerly.com/node/assets/ico/favicon/index.html]
[buyerly.com/content/assets/ico/apple-touch-icon-144-precomposed/index.html]
[buyerly.com/content/assets/ico/apple-touch-icon-114-precomposed/index.html]
[buyerly.com/content/assets/ico/apple-touch-icon-72-precomposed/index.html]
[buyerly.com/content/assets/ico/apple-touch-icon-57-precomposed/index.html]
[buyerly.com/content/assets/ico/favicon/index.html]
[buyerly.com/sites/all/themes/buyerly/fonts/proximanova-regular-webfont/index.svg]
[buyerly.com/sites/all/themes/buyerly/fonts/proximanova-bold-webfont/index.svg]
[buyerly.com/sites/all/themes/buyerly/fonts/proximanovacond-semibold-webfont/index.svg]
[buyerly.com/sites/all/themes/buyerly/fonts/carton_six-webfont/index.svg]
[buyerly.com/sites/all/themes/buyerly/fonts/helveticaneue-boldcond_0-webfont/index.svg]
[buyerly.com/sites/all/themes/buyerly/fonts/15534_freehand575bt-webfont/index.svg]
[buyerly.com/dave_liu/buyerlydev/sites/all/themes/buyerly/img/search-img/index.html]
[buyerly.com/node/273/index.html]
[buyerly.com/node/user/register/index.html]
[buyerly.com/node/270/index.html]
[buyerly.com/sites/default/files/css/css_uBBmJnyUZNdWfeNrqX1E0tA_Aq1-EMHAlwPa_S2Ihyo/index.css]
[buyerly.com/sites/default/files/css/css_w23rgETFjUHq1gd117lEHQatahmpatAivN42jj_vEV4/index.css]
[buyerly.com/sites/default/files/css/css_NcYEbbW77HYihYSJRoespws1bgRjc-uudl6MVFazKhM/index.css]
[buyerly.com/sites/default/files/css/css_yFjJ7RFsPwZCLTxtLY_Pr_omD7_uTqRxhxR24-rLrjI/index.css]
[buyerly.com/sites/default/files/js/js_0eZ-9Vk39vZ6qSRB6eMeotS-EIxZ6v0553-qVlaNWlc/index.js]
[buyerly.com/sites/default/files/js/js_ZRI_UbYwgpp7m0O_AjlVYJrPdcLCBfOdlLd9ghMgJtU/index.js]
[buyerly.com/user/register/index.html]
[buyerly.com/node/274/index.html]
[buyerly.com/node/275/index.html]
[buyerly.com/user/assets/ico/apple-touch-icon-144-precomposed/index.html]
[buyerly.com/user/assets/ico/apple-touch-icon-114-precomposed/index.html]
[buyerly.com/user/assets/ico/apple-touch-icon-72-precomposed/index.html]
[buyerly.com/user/assets/ico/apple-touch-icon-57-precomposed/index.html]
[buyerly.com/user/assets/ico/favicon/index.html]
[buyerly.com/user/password/index.html]
[buyerly.com/node/272/index.html]
[buyerly.com/node/271/index.html]
[buyerly.com/node/305/index.html]
[buyerly.com/sites/default/files/js/js_3nCaSWAdhpbN0YaPGKad1ZEvBBYY998vNcL_0UWg4O0/index.js]
[buyerly.com/node/1565/index.html]
[buyerly.com/sites/default/files/css/css_KcpzVJjyF8qot_QXp6ymYXR_5EiqxL-wuO1CGVBQHjQ/index.css]
[buyerly.com/sites/default/files/js/js_KwL6oBAcHP7YKV5KCcXupRDeBlPxJp4ePjpoobweFzM/index.js]
[buyerly.com/content/buyerly-great-idea-how-do-i-sign-0/index.html]
[buyerly.com/faq-category/general-faqs/index.html]
[buyerly.com/content/how-does-buyerly-prevent-retailers-stealing-my-intellectual-property-when-i-submit-ideas/index.html]
[buyerly.com/node/1564/index.html]
[buyerly.com/content/what-if-i-have-more-questions/index.html]
[buyerly.com/node/1563/index.html]
[buyerly.com/content/how-does-crystal-clear-guarantee-product-feedback-work/index.html]
[buyerly.com/node/1562/index.html]
[buyerly.com/content/what-do-retail-buyers-do/index.html]
[buyerly.com/node/288/index.html]
[buyerly.com/node/1580/index.html]
[buyerly.com/content/how-do-i-know-when-my-product-feedback-complete-and-ready-me/index.html]
[buyerly.com/faq-category/managing-your-account-faqs/index.html]
[buyerly.com/content/how-do-i-know-if-retail-buyer-interested-my-product-and-trying-connect-me/index.html]
[buyerly.com/node/1579/index.html]
[buyerly.com/content/how-do-i-delete-my-account/index.html]
[buyerly.com/node/1578/index.html]
[buyerly.com/content/how-do-i-update-my-account-information/index.html]
[buyerly.com/node/291/index.html]
[buyerly.com/content/how-can-i-view-my-account-activity-including-products-i-have-submitted/index.html]
[buyerly.com/node/289/index.html]
[buyerly.com/node/1568/index.html]
[buyerly.com/content/what-are-some-scenarios-under-which-i-might-submit-products-product-feedback/index.html]
[buyerly.com/faq-category/line-review-faqs/index.html]
[buyerly.com/content/can-i-submit-my-product-evaluation-more-once/index.html]
[buyerly.com/node/1567/index.html]
[buyerly.com/node/1566/index.html]
[buyerly.com/content/other-buyers-i-select-will-anyone-else-see-information-about-my-product/index.html]
[buyerly.com/node/294/index.html]
[buyerly.com/content/how-long-will-it-take-get-feedback/index.html]
[buyerly.com/node/293/index.html]
[buyerly.com/content/how-do-i-select-buyers-my-panel/index.html]
[buyerly.com/node/1572/index.html]
[buyerly.com/content/other-retailers-will-anyone-else-see-information-about-my-product/index.html]
[buyerly.com/faq-category/product-closet-faqs/index.html]
[buyerly.com/content/can-i-sell-products-directly-retailers-here/index.html]
[buyerly.com/node/1570/index.html]
[buyerly.com/content/how-can-i-improve-my-visibility-product-closet/index.html]
[buyerly.com/node/297/index.html]
[buyerly.com/content/how-will-retailers-contact-me/index.html]
[buyerly.com/node/296/index.html]
[buyerly.com/content/can-i-submit-more-one-product-closet/index.html]
[buyerly.com/node/295/index.html]
[buyerly.com/node/1577/index.html]
[buyerly.com/content/what-it-retail-buyers/index.html]
[buyerly.com/faq-category/retailerbuyer-faqs/index.html]
[buyerly.com/content/how-do-i-search-products/index.html]
[buyerly.com/node/1576/index.html]
[buyerly.com/node/1574/index.html]
[buyerly.com/content/i-want-view-and-potentially-buy-product-closet-without-being-panelist-can-i-do/index.html]
[buyerly.com/node/1573/index.html]
[buyerly.com/content/what-are-fees-buyer-accounts/index.html]
[buyerly.com/node/300/index.html]
[buyerly.com/content/do-you-work-independent-stores-and-boutiques/index.html]
[buyerly.com/node/273/index.html]
[buyerly.com/node/user/register/index.html]
[buyerly.com/sites/all/modules/jquery_update/replace/ui/themes/base/minified/images/ui-bg_flat_75_ffffff_40x100/index.png]
[buyerly.com/sites/all/modules/jquery_update/replace/ui/themes/base/minified/images/ui-bg_highlight-soft_75_cccccc_1x100/index.png]
[buyerly.com/sites/all/modules/jquery_update/replace/ui/themes/base/minified/images/ui-bg_glass_75_e6e6e6_1x400/index.png]
[buyerly.com/sites/all/modules/jquery_update/replace/ui/themes/base/minified/images/ui-bg_glass_75_dadada_1x400/index.png]
[buyerly.com/sites/all/modules/jquery_update/replace/ui/themes/base/minified/images/ui-bg_glass_65_ffffff_1x400/index.png]
[buyerly.com/sites/all/modules/jquery_update/replace/ui/themes/base/minified/images/ui-bg_glass_55_fbf9ee_1x400/index.png]
[buyerly.com/sites/all/modules/jquery_update/replace/ui/themes/base/minified/images/ui-bg_glass_95_fef1ec_1x400/index.png]
[buyerly.com/sites/all/modules/jquery_update/replace/ui/themes/base/minified/images/ui-icons_222222_256x240/index.png]
[buyerly.com/sites/all/modules/jquery_update/replace/ui/themes/base/minified/images/ui-icons_888888_256x240/index.png]
[buyerly.com/sites/all/modules/jquery_update/replace/ui/themes/base/minified/images/ui-icons_454545_256x240/index.png]
[buyerly.com/sites/all/modules/jquery_update/replace/ui/themes/base/minified/images/ui-icons_2e83ff_256x240/index.png]
[buyerly.com/sites/all/modules/jquery_update/replace/ui/themes/base/minified/images/ui-icons_cd0a0a_256x240/index.png]
[buyerly.com/sites/default/files/css/css_w23rgETFjUHq1gd117lEHQatahmpatAivN42jj_vEV4/index.css]
[buyerly.com/sites/all/modules/jquery_update/replace/ui/themes/base/minified/images/ui-bg_flat_0_aaaaaa_40x100/index.png]
[buyerly.com/sites/default/files/css/css_NcYEbbW77HYihYSJRoespws1bgRjc-uudl6MVFazKhM/index.css]
[buyerly.com/sites/default/files/css/css_yFjJ7RFsPwZCLTxtLY_Pr_omD7_uTqRxhxR24-rLrjI/index.css]
[buyerly.com/node/1565/index.html]
[buyerly.com/sites/default/files/css/css_KcpzVJjyF8qot_QXp6ymYXR_5EiqxL-wuO1CGVBQHjQ/index.css]
[buyerly.com/taxonomy/term/43/index.html]
[buyerly.com/taxonomy/term/43/feed/index.html]
[buyerly.com/sites/default/files/css/css_YowNWscTNSXJydWM5fF8ZR-IzPe3mladQ-RS_dEOJaI/index.css]
[buyerly.com/sites/default/files/css/css_Fm4n8EW3D4wSYbwbR9Zd_jWk64WEQI53utslBCFB-qM/index.css]
[buyerly.com/faq-category/assets/ico/apple-touch-icon-144-precomposed/index.png]
[buyerly.com/faq-category/assets/ico/apple-touch-icon-114-precomposed/index.png]
[buyerly.com/faq-category/assets/ico/apple-touch-icon-72-precomposed/index.png]
[buyerly.com/faq-category/assets/ico/apple-touch-icon-57-precomposed/index.png]
[buyerly.com/faq-category/assets/ico/favicon/index.png]
[buyerly.com/faq-category/general-faqs/index.html]
[buyerly.com/content/who-are-these-retail-buyers/index.html]
[buyerly.com/node/1564/index.html]
[buyerly.com/node/1563/index.html]
[buyerly.com/node/1562/index.html]
[buyerly.com/node/288/index.html]
[buyerly.com/node/1580/index.html]
[buyerly.com/taxonomy/term/44/index.html]
[buyerly.com/taxonomy/term/44/feed/index.html]
[buyerly.com/faq-category/managing-your-account-faqs/index.html]
[buyerly.com/node/1579/index.html]
[buyerly.com/node/1578/index.html]
[buyerly.com/node/291/index.html]
[buyerly.com/node/289/index.html]
[buyerly.com/node/1568/index.html]
[buyerly.com/taxonomy/term/45/index.html]
[buyerly.com/taxonomy/term/45/feed/index.html]
[buyerly.com/content/can-i-submit-more-one-product-time/index.html]
[buyerly.com/faq-category/line-review-faqs/index.html]
[buyerly.com/node/1567/index.html]
[buyerly.com/node/1566/index.html]
[buyerly.com/node/294/index.html]
[buyerly.com/node/293/index.html]
[buyerly.com/node/1572/index.html]
[buyerly.com/taxonomy/term/46/index.html]
[buyerly.com/faq-category/product-closet-faqs/index.html]
[buyerly.com/taxonomy/term/46/feed/index.html]
[buyerly.com/node/1570/index.html]
[buyerly.com/node/297/index.html]
[buyerly.com/node/296/index.html]
[buyerly.com/node/295/index.html]
[buyerly.com/node/1577/index.html]
[buyerly.com/taxonomy/term/47/index.html]
[buyerly.com/taxonomy/term/47/feed/index.html]
[buyerly.com/content/i-want-buy-product-closet-without-being-panelist-can-i-do/index.html]
[buyerly.com/faq-category/retailerbuyer-faqs/index.html]
[buyerly.com/node/1576/index.html]
[buyerly.com/node/1574/index.html]
[buyerly.com/node/1573/index.html]
[buyerly.com/node/300/index.html]
[buyerly.com/content/i’m-retail-buyer-how-do-i-sign-be-panelist/index.html]
[buyerly.com/taxonomy/term/assets/ico/apple-touch-icon-144-precomposed/index.png]
[buyerly.com/taxonomy/term/assets/ico/apple-touch-icon-114-precomposed/index.png]
[buyerly.com/taxonomy/term/assets/ico/apple-touch-icon-72-precomposed/index.png]
[buyerly.com/taxonomy/term/assets/ico/apple-touch-icon-57-precomposed/index.png]
[buyerly.com/taxonomy/term/assets/ico/favicon/index.png]
[buyerly.com/taxonomy/term/43/index.html]
[buyerly.com/sites/default/files/css/css_YowNWscTNSXJydWM5fF8ZR-IzPe3mladQ-RS_dEOJaI/index.css]
[buyerly.com/sites/default/files/css/css_Fm4n8EW3D4wSYbwbR9Zd_jWk64WEQI53utslBCFB-qM/index.css]
[buyerly.com/faq-category/assets/ico/apple-touch-icon-144-precomposed/index.html]
[buyerly.com/faq-category/assets/ico/apple-touch-icon-114-precomposed/index.html]
[buyerly.com/faq-category/assets/ico/apple-touch-icon-72-precomposed/index.html]
[buyerly.com/faq-category/assets/ico/apple-touch-icon-57-precomposed/index.html]
[buyerly.com/faq-category/assets/ico/favicon/index.html]
[buyerly.com/node/287/index.html]
[buyerly.com/content/who-are-these-retail-buyers/index.html]
[buyerly.com/taxonomy/term/44/index.html]
[buyerly.com/taxonomy/term/45/index.html]
[buyerly.com/node/292/index.html]
[buyerly.com/content/can-i-submit-more-one-product-time/index.html]
[buyerly.com/taxonomy/term/46/index.html]
[buyerly.com/taxonomy/term/47/index.html]
[buyerly.com/node/299/index.html]
[buyerly.com/content/i-want-buy-product-closet-without-being-panelist-can-i-do/index.html]
[buyerly.com/content/i’m-retail-buyer-how-do-i-sign-be-panelist/index.html]
[buyerly.com/taxonomy/term/assets/ico/apple-touch-icon-144-precomposed/index.html]
[buyerly.com/taxonomy/term/assets/ico/apple-touch-icon-114-precomposed/index.html]
[buyerly.com/taxonomy/term/assets/ico/apple-touch-icon-72-precomposed/index.html]
[buyerly.com/taxonomy/term/assets/ico/apple-touch-icon-57-precomposed/index.html]
[buyerly.com/taxonomy/term/assets/ico/favicon/index.html]
[buyerly.com/node/287/index.html]
[buyerly.com/node/292/index.html]
[buyerly.com/node/299/index.html]
[buyerly.com/node/298/index.html]
[buyerly.com/node/298/index.html]
